c:\users\mzimm\source\repos\headsuptexasholdem\headsuppokersimulatorutil\x64\debug\vc142.pdb
c:\users\mzimm\source\repos\headsuptexasholdem\headsuppokersimulatorutil\x64\debug\vc142.idb
c:\users\mzimm\source\repos\headsuptexasholdem\headsuppokersimulatorutil\x64\debug\main.obj
c:\users\mzimm\source\repos\headsuptexasholdem\headsuppokersimulatorutil\x64\debug\rankedhand.obj
c:\users\mzimm\source\repos\headsuptexasholdem\headsuppokersimulatorutil\x64\debug\random.obj
c:\users\mzimm\source\repos\headsuptexasholdem\headsuppokersimulatorutil\x64\debug\pokergame.obj
c:\users\mzimm\source\repos\headsuptexasholdem\headsuppokersimulatorutil\x64\debug\deck.obj
c:\users\mzimm\source\repos\headsuptexasholdem\headsuppokersimulatorutil\x64\debug\consoleio.obj
c:\users\mzimm\source\repos\headsuptexasholdem\headsuppokersimulatorutil\x64\debug\card.obj
c:\users\mzimm\source\repos\headsuptexasholdem\headsuppokersimulatorutil\x64\debug\ai.obj
c:\users\mzimm\source\repos\headsuptexasholdem\headsuppokersimulatorutil\x64\debug\exception.obj
c:\users\mzimm\source\repos\headsuptexasholdem\headsuppokersimulatorutil\x64\debug\string.obj
c:\users\mzimm\source\repos\headsuptexasholdem\headsuppokersimulatorutil\x64\debug\new.obj
c:\users\mzimm\source\repos\headsuptexasholdem\x64\debug\uholdemutils.ilk
c:\users\mzimm\source\repos\headsuptexasholdem\x64\debug\uholdemutils.exe
c:\users\mzimm\source\repos\headsuptexasholdem\x64\debug\uholdemutils.pdb
c:\users\mzimm\source\repos\headsuptexasholdem\headsuppokersimulatorutil\x64\debug\uholdemutils.tlog\cl.command.1.tlog
c:\users\mzimm\source\repos\headsuptexasholdem\headsuppokersimulatorutil\x64\debug\uholdemutils.tlog\cl.read.1.tlog
c:\users\mzimm\source\repos\headsuptexasholdem\headsuppokersimulatorutil\x64\debug\uholdemutils.tlog\cl.write.1.tlog
c:\users\mzimm\source\repos\headsuptexasholdem\headsuppokersimulatorutil\x64\debug\uholdemutils.tlog\link.command.1.tlog
c:\users\mzimm\source\repos\headsuptexasholdem\headsuppokersimulatorutil\x64\debug\uholdemutils.tlog\link.read.1.tlog
c:\users\mzimm\source\repos\headsuptexasholdem\headsuppokersimulatorutil\x64\debug\uholdemutils.tlog\link.write.1.tlog
